{"name":"AccountPageHeaderCountTest","status":"broken","statusDetails":{"known":false,"muted":false,"flaky":false,"message":"Expected condition failed: waiting for visibility of element located by By.cssSelector: #content>ul (tried for 10 second(s) with 500 milliseconds interval)","trace":"org.openqa.selenium.TimeoutException: Expected condition failed: waiting for visibility of element located by By.cssSelector: #content>ul (tried for 10 second(s) with 500 milliseconds interval)\r\n\tat org.openqa.selenium.support.ui.WebDriverWait.timeoutException(WebDriverWait.java:95)\r\n\tat org.openqa.selenium.support.ui.FluentWait.until(FluentWait.java:272)\r\n\tat com.qa.opencart.util.ElementUtil.waitForVisibilityofElement(ElementUtil.java:268)\r\n\tat com.qa.opencart.pages.AccountPage.getAccountpageHeaderCount(AccountPage.java:38)\r\n\tat com.qa.opencart.Test.AccountPageTest.AccountPageHeaderCountTest(AccountPageTest.java:34)\r\n\tat sun.reflect.NativeMethodAccessorImpl.invoke0(Native Method)\r\n\tat sun.reflect.NativeMethodAccessorImpl.invoke(NativeMethodAccessorImpl.java:62)\r\n\tat sun.reflect.DelegatingMethodAccessorImpl.invoke(DelegatingMethodAccessorImpl.java:43)\r\n\tat java.lang.reflect.Method.invoke(Method.java:498)\r\n\tat org.testng.internal.MethodInvocationHelper.invokeMethod(MethodInvocationHelper.java:132)\r\n\tat org.testng.internal.TestInvoker.invokeMethod(TestInvoker.java:599)\r\n\tat org.testng.internal.TestInvoker.invokeTestMethod(TestInvoker.java:174)\r\n\tat org.testng.internal.MethodRunner.runInSequence(MethodRunner.java:46)\r\n\tat org.testng.internal.TestInvoker$MethodInvocationAgent.invoke(TestInvoker.java:822)\r\n\tat org.testng.internal.TestInvoker.invokeTestMethods(TestInvoker.java:147)\r\n\tat org.testng.internal.TestMethodWorker.invokeTestMethods(TestMethodWorker.java:146)\r\n\tat org.testng.internal.TestMethodWorker.run(TestMethodWorker.java:128)\r\n\tat java.util.ArrayList.forEach(ArrayList.java:1249)\r\n\tat org.testng.TestRunner.privateRun(TestRunner.java:764)\r\n\tat org.testng.TestRunner.run(TestRunner.java:585)\r\n\tat org.testng.SuiteRunner.runTest(SuiteRunner.java:384)\r\n\tat org.testng.SuiteRunner.runSequentially(SuiteRunner.java:378)\r\n\tat org.testng.SuiteRunner.privateRun(SuiteRunner.java:337)\r\n\tat org.testng.SuiteRunner.run(SuiteRunner.java:286)\r\n\tat org.testng.SuiteRunnerWorker.runSuite(SuiteRunnerWorker.java:53)\r\n\tat org.testng.SuiteRunnerWorker.run(SuiteRunnerWorker.java:96)\r\n\tat org.testng.TestNG.runSuitesSequentially(TestNG.java:1218)\r\n\tat org.testng.TestNG.runSuitesLocally(TestNG.java:1140)\r\n\tat org.testng.TestNG.runSuites(TestNG.java:1069)\r\n\tat org.testng.TestNG.run(TestNG.java:1037)\r\n\tat org.testng.remote.AbstractRemoteTestNG.run(AbstractRemoteTestNG.java:115)\r\n\tat org.testng.remote.RemoteTestNG.initAndRun(RemoteTestNG.java:251)\r\n\tat org.testng.remote.RemoteTestNG.main(RemoteTestNG.java:77)\r\nCaused by: org.openqa.selenium.NoSuchElementException: no such element: Unable to locate element: {\"method\":\"css selector\",\"selector\":\"#content>ul\"}\n  (Session info: chrome=89.0.4389.90)\nFor documentation on this error, please visit: https://www.seleniumhq.org/exceptions/no_such_element.html\nBuild info: version: '3.141.59', revision: 'e82be7d358', time: '2018-11-14T08:17:03'\nSystem info: host: 'ADMIN-PC', ip: '192.168.1.105', os.name: 'Windows 10', os.arch: 'amd64', os.version: '10.0', java.version: '1.8.0_131'\nDriver info: org.openqa.selenium.chrome.ChromeDriver\nCapabilities {acceptInsecureCerts: false, browserName: chrome, browserVersion: 89.0.4389.90, chrome: {chromedriverVersion: 89.0.4389.23 (61b08ee2c5002..., userDataDir: C:\\Users\\ADMIN\\AppData\\Loca...}, goog:chromeOptions: {debuggerAddress: localhost:59573}, javascriptEnabled: true, networkConnectionEnabled: false, pageLoadStrategy: normal, platform: WINDOWS, platformName: WINDOWS, proxy: Proxy(), setWindowRect: true, strictFileInteractability: false, timeouts: {implicit: 0, pageLoad: 300000, script: 30000}, unhandledPromptBehavior: dismiss and notify, webauthn:extension:largeBlob: true, webauthn:virtualAuthenticators: true}\nSession ID: 447dd6b7fe4723338fa97e9f08c18c71\n*** Element info: {Using=css selector, value=#content>ul}\r\n\tat sun.reflect.NativeConstructorAccessorImpl.newInstance0(Native Method)\r\n\tat sun.reflect.NativeConstructorAccessorImpl.newInstance(NativeConstructorAccessorImpl.java:62)\r\n\tat sun.reflect.DelegatingConstructorAccessorImpl.newInstance(DelegatingConstructorAccessorImpl.java:45)\r\n\tat java.lang.reflect.Constructor.newInstance(Constructor.java:423)\r\n\tat org.openqa.selenium.remote.http.W3CHttpResponseCodec.createException(W3CHttpResponseCodec.java:187)\r\n\tat org.openqa.selenium.remote.http.W3CHttpResponseCodec.decode(W3CHttpResponseCodec.java:122)\r\n\tat org.openqa.selenium.remote.http.W3CHttpResponseCodec.decode(W3CHttpResponseCodec.java:49)\r\n\tat org.openqa.selenium.remote.HttpCommandExecutor.execute(HttpCommandExecutor.java:158)\r\n\tat org.openqa.selenium.remote.service.DriverCommandExecutor.execute(DriverCommandExecutor.java:83)\r\n\tat org.openqa.selenium.remote.RemoteWebDriver.execute(RemoteWebDriver.java:552)\r\n\tat org.openqa.selenium.remote.RemoteWebDriver.findElement(RemoteWebDriver.java:323)\r\n\tat org.openqa.selenium.remote.RemoteWebDriver.findElementByCssSelector(RemoteWebDriver.java:420)\r\n\tat org.openqa.selenium.By$ByCssSelector.findElement(By.java:431)\r\n\tat org.openqa.selenium.remote.RemoteWebDriver.findElement(RemoteWebDriver.java:315)\r\n\tat org.openqa.selenium.support.ui.ExpectedConditions$7.apply(ExpectedConditions.java:205)\r\n\tat org.openqa.selenium.support.ui.ExpectedConditions$7.apply(ExpectedConditions.java:201)\r\n\tat org.openqa.selenium.support.ui.FluentWait.until(FluentWait.java:249)\r\n\t... 31 more\r\n"},"stage":"finished","steps":[],"attachments":[],"parameters":[],"start":1616262135031,"stop":1616262146888,"uuid":"c8efced9-be73-418a-9e7d-27fea954fbe8","historyId":"6ae3a3dc7cd90607b87b56499e689623","fullName":"com.qa.opencart.Test.AccountPageTest.AccountPageHeaderCountTest","labels":[{"name":"package","value":"com.qa.opencart.Test.AccountPageTest"},{"name":"testClass","value":"com.qa.opencart.Test.AccountPageTest"},{"name":"testMethod","value":"AccountPageHeaderCountTest"},{"name":"parentSuite","value":"OpenCartSuite"},{"name":"suite","value":"AccountPageTest"},{"name":"subSuite","value":"com.qa.opencart.Test.AccountPageTest"},{"name":"host","value":"ADMIN-PC"},{"name":"thread","value":"11420@ADMIN-PC.main(1)"},{"name":"framework","value":"testng"},{"name":"language","value":"java"}],"links":[]}