<?xml version="1.0" encoding="UTF-8"?>
<!-- Generated by org.testng.reporters.JUnitXMLReporter -->
<testsuite ignored="0" hostname="BLRKEC334218L" failures="1" tests="1" name="ProductInfoTest" time="6.665" errors="0" timestamp="03 Jul 2021 12:30:10 GMT">
  <testcase classname="com.qa.opencart.Test.ProductInfoTest" name="productInfoDataTest" time="2.013">
    <failure type="java.lang.IndexOutOfBoundsException" message="Index 0 out of bounds for length 0">
      <![CDATA[java.lang.IndexOutOfBoundsException: Index 0 out of bounds for length 0
at java.base/jdk.internal.util.Preconditions.outOfBounds(Preconditions.java:64)
at java.base/jdk.internal.util.Preconditions.outOfBoundsCheckIndex(Preconditions.java:70)
at java.base/jdk.internal.util.Preconditions.checkIndex(Preconditions.java:248)
at java.base/java.util.Objects.checkIndex(Objects.java:373)
at java.base/java.util.ArrayList.get(ArrayList.java:425)
at com.qa.opencart.pages.ProductInfoPage.getProductInformation(ProductInfoPage.java:70)
at com.qa.opencart.Test.ProductInfoTest.productInfoDataTest(ProductInfoTest.java:24)
at java.base/java.util.concurrent.FutureTask.run(FutureTask.java:264)
at java.base/java.util.concurrent.ThreadPoolExecutor.runWorker(ThreadPoolExecutor.java:1128)
at java.base/java.util.concurrent.ThreadPoolExecutor$Worker.run(ThreadPoolExecutor.java:628)
at java.base/java.lang.Thread.run(Thread.java:847)
... Removed 16 stack frames]]>
    </failure>
  </testcase> <!-- productInfoDataTest -->
</testsuite> <!-- ProductInfoTest -->
