<?xml version="1.0" encoding="UTF-8"?>
<!-- Generated by org.testng.reporters.JUnitXMLReporter -->
<testsuite ignored="0" hostname="BLRKEC334218L" failures="2" tests="2" name="Registration Test" time="23.469" errors="0" timestamp="09 Jun 2021 09:43:06 GMT">
  <testcase classname="com.qa.opencart.Test.RegisterPageTest" name="userRegisterTest" time="1.812">
    <failure type="java.lang.AssertionError" message="Registration is not successful expected [true] but found [false]">
      <![CDATA[java.lang.AssertionError: Registration is not successful expected [true] but found [false]
at com.qa.opencart.Test.RegisterPageTest.userRegisterTest(RegisterPageTest.java:30)
at java.base/java.util.concurrent.FutureTask.run(FutureTask.java:264)
at java.base/java.util.concurrent.Executors$RunnableAdapter.call(Executors.java:515)
at java.base/java.util.concurrent.FutureTask.run(FutureTask.java:264)
at java.base/java.util.concurrent.ThreadPoolExecutor.runWorker(ThreadPoolExecutor.java:1128)
at java.base/java.util.concurrent.ThreadPoolExecutor$Worker.run(ThreadPoolExecutor.java:628)
at java.base/java.lang.Thread.run(Thread.java:847)
... Removed 12 stack frames]]>
    </failure>
  </testcase> <!-- userRegisterTest -->
  <testcase classname="com.qa.opencart.Test.RegisterPageTest" name="userRegisterTest" time="1.817">
    <failure type="java.lang.AssertionError" message="Registration is not successful expected [true] but found [false]">
      <![CDATA[java.lang.AssertionError: Registration is not successful expected [true] but found [false]
at com.qa.opencart.Test.RegisterPageTest.userRegisterTest(RegisterPageTest.java:30)
at java.base/java.util.concurrent.FutureTask.run(FutureTask.java:264)
at java.base/java.util.concurrent.Executors$RunnableAdapter.call(Executors.java:515)
at java.base/java.util.concurrent.FutureTask.run(FutureTask.java:264)
at java.base/java.util.concurrent.ThreadPoolExecutor.runWorker(ThreadPoolExecutor.java:1128)
at java.base/java.util.concurrent.ThreadPoolExecutor$Worker.run(ThreadPoolExecutor.java:628)
at java.base/java.lang.Thread.run(Thread.java:847)
... Removed 12 stack frames]]>
    </failure>
  </testcase> <!-- userRegisterTest -->
</testsuite> <!-- Registration Test -->
