<!DOCTYPE html>

<html>
  <head>
  <meta charset='utf-8'>
  <title>TestNG reports</title>

    <link type="text/css" href="testng-reports.css" rel="stylesheet" />
    <script type="text/javascript" src="jquery-1.7.1.min.js"></script>
    <script type="text/javascript" src="testng-reports.js"></script>
    <script type="text/javascript" src="https://www.google.com/jsapi"></script>
    <script type='text/javascript'>
      google.load('visualization', '1', {packages:['table']});
      google.setOnLoadCallback(drawTable);
      var suiteTableInitFunctions = new Array();
      var suiteTableData = new Array();
    </script>
    <!--
      <script type="text/javascript" src="jquery-ui/js/jquery-ui-1.8.16.custom.min.js"></script>
     -->
  </head>

  <body>
    <div class="top-banner-root">
      <span class="top-banner-title-font">Test results</span>
      <br/>
      <span class="top-banner-font-1">1 suite, 5 failed tests</span>
    </div> <!-- top-banner-root -->
    <div class="navigator-root">
      <div class="navigator-suite-header">
        <span>All suites</span>
        <a href="#" title="Collapse/expand all the suites" class="collapse-all-link">
          <img src="collapseall.gif" class="collapse-all-icon">
          </img> <!-- collapse-all-icon -->
        </a> <!-- collapse-all-link -->
      </div> <!-- navigator-suite-header -->
      <div class="suite">
        <div class="rounded-window">
          <div class="suite-header light-rounded-window-top">
            <a href="#" panel-name="suite-OpenDemoCart_Suite" class="navigator-link">
              <span class="suite-name border-failed">OpenDemoCart Suite</span>
            </a> <!-- navigator-link -->
          </div> <!-- suite-header light-rounded-window-top -->
          <div class="navigator-suite-content">
            <div class="suite-section-title">
              <span>Info</span>
            </div> <!-- suite-section-title -->
            <div class="suite-section-content">
              <ul>
                <li>
                  <a href="#" panel-name="test-xml-OpenDemoCart_Suite" class="navigator-link ">
                    <span>C:\Users\samarth.jain\eclipse-workspace\Dec2020POMSeies\src\test\resources\TestRunner\testng.xml</span>
                  </a> <!-- navigator-link  -->
                </li>
                <li>
                  <a href="#" panel-name="testlist-OpenDemoCart_Suite" class="navigator-link ">
                    <span class="test-stats">4 tests</span>
                  </a> <!-- navigator-link  -->
                </li>
                <li>
                  <a href="#" panel-name="group-OpenDemoCart_Suite" class="navigator-link ">
                    <span>0 groups</span>
                  </a> <!-- navigator-link  -->
                </li>
                <li>
                  <a href="#" panel-name="times-OpenDemoCart_Suite" class="navigator-link ">
                    <span>Times</span>
                  </a> <!-- navigator-link  -->
                </li>
                <li>
                  <a href="#" panel-name="reporter-OpenDemoCart_Suite" class="navigator-link ">
                    <span>Reporter output</span>
                  </a> <!-- navigator-link  -->
                </li>
                <li>
                  <a href="#" panel-name="ignored-methods-OpenDemoCart_Suite" class="navigator-link ">
                    <span>Ignored methods</span>
                  </a> <!-- navigator-link  -->
                </li>
                <li>
                  <a href="#" panel-name="chronological-OpenDemoCart_Suite" class="navigator-link ">
                    <span>Chronological view</span>
                  </a> <!-- navigator-link  -->
                </li>
              </ul>
            </div> <!-- suite-section-content -->
            <div class="result-section">
              <div class="suite-section-title">
                <span>Results</span>
              </div> <!-- suite-section-title -->
              <div class="suite-section-content">
                <ul>
                  <li>
                    <span class="method-stats">13 methods, 5 failed,  2 skipped,  6 passed</span>
                  </li>
                  <li>
                    <span class="method-list-title failed">Failed methods</span>
                    <span class="show-or-hide-methods failed">
                      <a href="#" panel-name="suite-OpenDemoCart_Suite" class="hide-methods failed suite-OpenDemoCart_Suite"> (hide)</a> <!-- hide-methods failed suite-OpenDemoCart_Suite -->
                      <a href="#" panel-name="suite-OpenDemoCart_Suite" class="show-methods failed suite-OpenDemoCart_Suite"> (show)</a> <!-- show-methods failed suite-OpenDemoCart_Suite -->
                    </span>
                    <div class="method-list-content failed suite-OpenDemoCart_Suite">
                      <span>
                        <img src="failed.png" width="3%"/>
                        <a href="#" panel-name="suite-OpenDemoCart_Suite" title="com.qa.opencart.Test.AccountPageTest" class="method navigator-link" hash-for-method="AccountPageHeaderCountTest">AccountPageHeaderCountTest</a> <!-- method navigator-link -->
                      </span>
                      <br/>
                      <span>
                        <img src="failed.png" width="3%"/>
                        <a href="#" panel-name="suite-OpenDemoCart_Suite" title="com.qa.opencart.Test.AccountPageTest" class="method navigator-link" hash-for-method="AccountpagetitleTest">AccountpagetitleTest</a> <!-- method navigator-link -->
                      </span>
                      <br/>
                      <span>
                        <img src="failed.png" width="3%"/>
                        <a href="#" panel-name="suite-OpenDemoCart_Suite" title="com.qa.opencart.Test.ProductInfoTest" class="method navigator-link" hash-for-method="productInfoDataTest">productInfoDataTest</a> <!-- method navigator-link -->
                      </span>
                      <br/>
                      <span>
                        <img src="failed.png" width="3%"/>
                        <a href="#" panel-name="suite-OpenDemoCart_Suite" title="com.qa.opencart.Test.ShoppingCartTest" class="method navigator-link" hash-for-method="verifyProduct">verifyProduct</a> <!-- method navigator-link -->
                      </span>
                      <br/>
                      <span>
                        <img src="failed.png" width="3%"/>
                        <a href="#" panel-name="suite-OpenDemoCart_Suite" title="com.qa.opencart.Test.AccountPageTest" class="method navigator-link" hash-for-method="verifygetAccountpageHeaderText">verifygetAccountpageHeaderText</a> <!-- method navigator-link -->
                      </span>
                      <br/>
                    </div> <!-- method-list-content failed suite-OpenDemoCart_Suite -->
                  </li>
                  <li>
                    <span class="method-list-title skipped">Skipped methods</span>
                    <span class="show-or-hide-methods skipped">
                      <a href="#" panel-name="suite-OpenDemoCart_Suite" class="hide-methods skipped suite-OpenDemoCart_Suite"> (hide)</a> <!-- hide-methods skipped suite-OpenDemoCart_Suite -->
                      <a href="#" panel-name="suite-OpenDemoCart_Suite" class="show-methods skipped suite-OpenDemoCart_Suite"> (show)</a> <!-- show-methods skipped suite-OpenDemoCart_Suite -->
                    </span>
                    <div class="method-list-content skipped suite-OpenDemoCart_Suite">
                      <span>
                        <img src="skipped.png" width="3%"/>
                        <a href="#" panel-name="suite-OpenDemoCart_Suite" title="com.qa.opencart.Test.ShoppingCartTest" class="method navigator-link" hash-for-method="verifyCartTableTest">verifyCartTableTest</a> <!-- method navigator-link -->
                      </span>
                      <br/>
                      <span>
                        <img src="skipped.png" width="3%"/>
                        <a href="#" panel-name="suite-OpenDemoCart_Suite" title="com.qa.opencart.Test.ShoppingCartTest" class="method navigator-link" hash-for-method="verifyWishList">verifyWishList</a> <!-- method navigator-link -->
                      </span>
                      <br/>
                    </div> <!-- method-list-content skipped suite-OpenDemoCart_Suite -->
                  </li>
                  <li>
                    <span class="method-list-title passed">Passed methods</span>
                    <span class="show-or-hide-methods passed">
                      <a href="#" panel-name="suite-OpenDemoCart_Suite" class="hide-methods passed suite-OpenDemoCart_Suite"> (hide)</a> <!-- hide-methods passed suite-OpenDemoCart_Suite -->
                      <a href="#" panel-name="suite-OpenDemoCart_Suite" class="show-methods passed suite-OpenDemoCart_Suite"> (show)</a> <!-- show-methods passed suite-OpenDemoCart_Suite -->
                    </span>
                    <div class="method-list-content passed suite-OpenDemoCart_Suite">
                      <span>
                        <img src="passed.png" width="3%"/>
                        <a href="#" panel-name="suite-OpenDemoCart_Suite" title="com.qa.opencart.Test.LoginPageTest" class="method navigator-link" hash-for-method="LoginTest">LoginTest</a> <!-- method navigator-link -->
                      </span>
                      <br/>
                      <span>
                        <img src="passed.png" width="3%"/>
                        <a href="#" panel-name="suite-OpenDemoCart_Suite" title="com.qa.opencart.Test.AccountPageTest" class="method navigator-link" hash-for-method="accPageLogoTest">accPageLogoTest</a> <!-- method navigator-link -->
                      </span>
                      <br/>
                      <span>
                        <img src="passed.png" width="3%"/>
                        <a href="#" panel-name="suite-OpenDemoCart_Suite" title="com.qa.opencart.Test.AccountPageTest" class="method navigator-link" hash-for-method="doSerachTest">doSerachTest</a> <!-- method navigator-link -->
                      </span>
                      <br/>
                      <span>
                        <img src="passed.png" width="3%"/>
                        <a href="#" panel-name="suite-OpenDemoCart_Suite" title="com.qa.opencart.Test.LoginPageTest" class="method navigator-link" hash-for-method="forgotPwdLinkTest">forgotPwdLinkTest</a> <!-- method navigator-link -->
                      </span>
                      <br/>
                      <span>
                        <img src="passed.png" width="3%"/>
                        <a href="#" panel-name="suite-OpenDemoCart_Suite" title="com.qa.opencart.Test.AccountPageTest" class="method navigator-link" hash-for-method="selectProductTest">selectProductTest</a> <!-- method navigator-link -->
                      </span>
                      <br/>
                      <span>
                        <img src="passed.png" width="3%"/>
                        <a href="#" panel-name="suite-OpenDemoCart_Suite" title="com.qa.opencart.Test.LoginPageTest" class="method navigator-link" hash-for-method="titleTest">titleTest</a> <!-- method navigator-link -->
                      </span>
                      <br/>
                    </div> <!-- method-list-content passed suite-OpenDemoCart_Suite -->
                  </li>
                </ul>
              </div> <!-- suite-section-content -->
            </div> <!-- result-section -->
          </div> <!-- navigator-suite-content -->
        </div> <!-- rounded-window -->
      </div> <!-- suite -->
    </div> <!-- navigator-root -->
    <div class="wrapper">
      <div class="main-panel-root">
        <div panel-name="suite-OpenDemoCart_Suite" class="panel OpenDemoCart_Suite">
          <div class="suite-OpenDemoCart_Suite-class-failed">
            <div class="main-panel-header rounded-window-top">
              <img src="failed.png"/>
              <span class="class-name">com.qa.opencart.Test.ShoppingCartTest</span>
            </div> <!-- main-panel-header rounded-window-top -->
            <div class="main-panel-content rounded-window-bottom">
              <div class="method">
                <div class="method-content">
                  <a name="verifyProduct">
                  </a> <!-- verifyProduct -->
                  <span class="method-name">verifyProduct</span>
                  <div class="stack-trace">org.openqa.selenium.UnhandledAlertException: unexpected alert open: {Alert text : SyntaxError: Unexpected token &lt; in JSON at position 0
parsererror
&lt;b&gt;Warning&lt;/b&gt;: unlink(/home/ocdemo/storage/cache/cache.catalog.language.1625319019): No such file or directory in &lt;b&gt;/home/ocdemo/public_html/system/library/cache/file.php&lt;/b&gt; on line &lt;b&gt;68&lt;/b&gt;{&quot;success&quot;:&quot;Success: You have added &lt;a href=\&quot;https:\/\/demo.opencart.com\/index.php?route=product\/product&amp;amp;product_id=40\&quot;&gt;iPhone&lt;\/a&gt; to your &lt;a href=\&quot;https:\/\/demo.opencart.com\/index.php?route=checkout\/cart\&quot;&gt;shopping cart&lt;\/a&gt;!&quot;,&quot;total&quot;:&quot;9 item(s) - $10,404.00&quot;}}
  (Session info: chrome=89.0.4389.82): SyntaxError: Unexpected token &lt; in JSON at position 0
parsererror
&lt;b&gt;Warning&lt;/b&gt;: unlink(/home/ocdemo/storage/cache/cache.catalog.language.1625319019): No such file or directory in &lt;b&gt;/home/ocdemo/public_html/system/library/cache/file.php&lt;/b&gt; on line &lt;b&gt;68&lt;/b&gt;{&quot;success&quot;:&quot;Success: You have added &lt;a href=\&quot;https:\/\/demo.opencart.com\/index.php?route=product\/product&amp;amp;product_id=40\&quot;&gt;iPhone&lt;\/a&gt; to your &lt;a href=\&quot;https:\/\/demo.opencart.com\/index.php?route=checkout\/cart\&quot;&gt;shopping cart&lt;\/a&gt;!&quot;,&quot;total&quot;:&quot;9 item(s) - $10,404.00&quot;}
Build info: version: &apos;3.141.59&apos;, revision: &apos;e82be7d358&apos;, time: &apos;2018-11-14T08:17:03&apos;
System info: host: &apos;BLRKEC334218L&apos;, ip: &apos;192.168.0.103&apos;, os.name: &apos;Windows 10&apos;, os.arch: &apos;amd64&apos;, os.version: &apos;10.0&apos;, java.version: &apos;13.0.2&apos;
Driver info: org.openqa.selenium.remote.RemoteWebDriver
Capabilities {acceptInsecureCerts: false, browserName: chrome, browserVersion: 89.0.4389.82, chrome: {chromedriverVersion: 89.0.4389.23 (61b08ee2c5002..., userDataDir: /tmp/.com.google.Chrome.U4o39n}, goog:chromeOptions: {debuggerAddress: localhost:33855}, javascriptEnabled: true, networkConnectionEnabled: false, pageLoadStrategy: normal, platform: LINUX, platformName: LINUX, proxy: Proxy(), setWindowRect: true, strictFileInteractability: false, timeouts: {implicit: 0, pageLoad: 300000, script: 30000}, unhandledPromptBehavior: dismiss and notify, webauthn:extension:largeBlob: true, webauthn:virtualAuthenticators: true, webdriver.remote.sessionid: f0bd9396d8dab0b43341e37e4b7...}
Session ID: f0bd9396d8dab0b43341e37e4b73884b
*** Element info: {Using=xpath, value=//div[contains(@class,&apos;alert-success&apos;)]}
	at org.openqa.selenium.remote.http.W3CHttpResponseCodec.decode(W3CHttpResponseCodec.java:120)
	at org.openqa.selenium.remote.http.W3CHttpResponseCodec.decode(W3CHttpResponseCodec.java:49)
	at org.openqa.selenium.remote.HttpCommandExecutor.execute(HttpCommandExecutor.java:158)
	at org.openqa.selenium.remote.RemoteWebDriver.execute(RemoteWebDriver.java:552)
	at org.openqa.selenium.remote.RemoteWebDriver.findElement(RemoteWebDriver.java:323)
	at org.openqa.selenium.remote.RemoteWebDriver.findElementByXPath(RemoteWebDriver.java:428)
	at org.openqa.selenium.By$ByXPath.findElement(By.java:353)
	at org.openqa.selenium.remote.RemoteWebDriver.findElement(RemoteWebDriver.java:315)
	at org.openqa.selenium.support.ui.ExpectedConditions$7.apply(ExpectedConditions.java:205)
	at org.openqa.selenium.support.ui.ExpectedConditions$7.apply(ExpectedConditions.java:201)
	at org.openqa.selenium.support.ui.FluentWait.until(FluentWait.java:249)
	at com.qa.opencart.util.ElementUtil.waitForVisibilityofElement(ElementUtil.java:269)
	at com.qa.opencart.pages.ProductInfoPage.addToCart(ProductInfoPage.java:85)
	at com.qa.opencart.Test.ShoppingCartTest.verifyProduct(ShoppingCartTest.java:33)
	at java.base/java.util.concurrent.FutureTask.run(FutureTask.java:264)
	at java.base/java.util.concurrent.ThreadPoolExecutor.runWorker(ThreadPoolExecutor.java:1128)
	at java.base/java.util.concurrent.ThreadPoolExecutor$Worker.run(ThreadPoolExecutor.java:628)
	at java.base/java.lang.Thread.run(Thread.java:847)
... Removed 16 stack frames
</div> <!-- stack-trace -->
                </div> <!-- method-content -->
              </div> <!-- method -->
            </div> <!-- main-panel-content rounded-window-bottom -->
          </div> <!-- suite-OpenDemoCart_Suite-class-failed -->
          <div class="suite-OpenDemoCart_Suite-class-failed">
            <div class="main-panel-header rounded-window-top">
              <img src="failed.png"/>
              <span class="class-name">com.qa.opencart.Test.ProductInfoTest</span>
            </div> <!-- main-panel-header rounded-window-top -->
            <div class="main-panel-content rounded-window-bottom">
              <div class="method">
                <div class="method-content">
                  <a name="productInfoDataTest">
                  </a> <!-- productInfoDataTest -->
                  <span class="method-name">productInfoDataTest</span>
                  <div class="stack-trace">java.lang.IndexOutOfBoundsException: Index 0 out of bounds for length 0
	at java.base/jdk.internal.util.Preconditions.outOfBounds(Preconditions.java:64)
	at java.base/jdk.internal.util.Preconditions.outOfBoundsCheckIndex(Preconditions.java:70)
	at java.base/jdk.internal.util.Preconditions.checkIndex(Preconditions.java:248)
	at java.base/java.util.Objects.checkIndex(Objects.java:373)
	at java.base/java.util.ArrayList.get(ArrayList.java:425)
	at com.qa.opencart.pages.ProductInfoPage.getProductInformation(ProductInfoPage.java:70)
	at com.qa.opencart.Test.ProductInfoTest.productInfoDataTest(ProductInfoTest.java:24)
	at java.base/java.util.concurrent.FutureTask.run(FutureTask.java:264)
	at java.base/java.util.concurrent.ThreadPoolExecutor.runWorker(ThreadPoolExecutor.java:1128)
	at java.base/java.util.concurrent.ThreadPoolExecutor$Worker.run(ThreadPoolExecutor.java:628)
	at java.base/java.lang.Thread.run(Thread.java:847)
... Removed 16 stack frames
</div> <!-- stack-trace -->
                </div> <!-- method-content -->
              </div> <!-- method -->
            </div> <!-- main-panel-content rounded-window-bottom -->
          </div> <!-- suite-OpenDemoCart_Suite-class-failed -->
          <div class="suite-OpenDemoCart_Suite-class-failed">
            <div class="main-panel-header rounded-window-top">
              <img src="failed.png"/>
              <span class="class-name">com.qa.opencart.Test.AccountPageTest</span>
            </div> <!-- main-panel-header rounded-window-top -->
            <div class="main-panel-content rounded-window-bottom">
              <div class="method">
                <div class="method-content">
                  <a name="AccountPageHeaderCountTest">
                  </a> <!-- AccountPageHeaderCountTest -->
                  <span class="method-name">AccountPageHeaderCountTest</span>
                  <div class="stack-trace">org.openqa.selenium.TimeoutException: Expected condition failed: waiting for visibility of element located by By.cssSelector: #content&gt;ul (tried for 30 second(s) with 500 milliseconds interval)
	at org.openqa.selenium.support.ui.WebDriverWait.timeoutException(WebDriverWait.java:95)
	at org.openqa.selenium.support.ui.FluentWait.until(FluentWait.java:272)
	at com.qa.opencart.util.ElementUtil.waitForVisibilityofElement(ElementUtil.java:269)
	at com.qa.opencart.pages.AccountPage.getAccountpageHeaderCount(AccountPage.java:41)
	at com.qa.opencart.Test.AccountPageTest.AccountPageHeaderCountTest(AccountPageTest.java:34)
	at java.base/java.util.concurrent.FutureTask.run(FutureTask.java:264)
	at java.base/java.util.concurrent.ThreadPoolExecutor.runWorker(ThreadPoolExecutor.java:1128)
	at java.base/java.util.concurrent.ThreadPoolExecutor$Worker.run(ThreadPoolExecutor.java:628)
	at java.base/java.lang.Thread.run(Thread.java:847)
Caused by: org.openqa.selenium.NoSuchElementException: no such element: Unable to locate element: {&quot;method&quot;:&quot;css selector&quot;,&quot;selector&quot;:&quot;#content&gt;ul&quot;}
  (Session info: chrome=89.0.4389.82)
For documentation on this error, please visit: https://www.seleniumhq.org/exceptions/no_such_element.html
Build info: version: &apos;3.141.59&apos;, revision: &apos;e82be7d358&apos;, time: &apos;2018-11-14T08:17:03&apos;
System info: host: &apos;BLRKEC334218L&apos;, ip: &apos;192.168.0.103&apos;, os.name: &apos;Windows 10&apos;, os.arch: &apos;amd64&apos;, os.version: &apos;10.0&apos;, java.version: &apos;13.0.2&apos;
Driver info: org.openqa.selenium.remote.RemoteWebDriver
Capabilities {acceptInsecureCerts: false, browserName: chrome, browserVersion: 89.0.4389.82, chrome: {chromedriverVersion: 89.0.4389.23 (61b08ee2c5002..., userDataDir: /tmp/.com.google.Chrome.VS5NOA}, goog:chromeOptions: {debuggerAddress: localhost:35427}, javascriptEnabled: true, networkConnectionEnabled: false, pageLoadStrategy: normal, platform: LINUX, platformName: LINUX, proxy: Proxy(), setWindowRect: true, strictFileInteractability: false, timeouts: {implicit: 0, pageLoad: 300000, script: 30000}, unhandledPromptBehavior: dismiss and notify, webauthn:extension:largeBlob: true, webauthn:virtualAuthenticators: true, webdriver.remote.sessionid: f13f686daa84ea2857d85deda75...}
Session ID: f13f686daa84ea2857d85deda7545aea
*** Element info: {Using=css selector, value=#content&gt;ul}
	at org.openqa.selenium.remote.http.W3CHttpResponseCodec.createException(W3CHttpResponseCodec.java:187)
	at org.openqa.selenium.remote.http.W3CHttpResponseCodec.decode(W3CHttpResponseCodec.java:122)
	at org.openqa.selenium.remote.http.W3CHttpResponseCodec.decode(W3CHttpResponseCodec.java:49)
	at org.openqa.selenium.remote.HttpCommandExecutor.execute(HttpCommandExecutor.java:158)
	at org.openqa.selenium.remote.RemoteWebDriver.execute(RemoteWebDriver.java:552)
	at org.openqa.selenium.remote.RemoteWebDriver.findElement(RemoteWebDriver.java:323)
	at org.openqa.selenium.remote.RemoteWebDriver.findElementByCssSelector(RemoteWebDriver.java:420)
	at org.openqa.selenium.By$ByCssSelector.findElement(By.java:431)
	at org.openqa.selenium.remote.RemoteWebDriver.findElement(RemoteWebDriver.java:315)
	at org.openqa.selenium.support.ui.ExpectedConditions$7.apply(ExpectedConditions.java:205)
	at org.openqa.selenium.support.ui.ExpectedConditions$7.apply(ExpectedConditions.java:201)
	at org.openqa.selenium.support.ui.FluentWait.until(FluentWait.java:249)
	... 23 more
... Removed 20 stack frames
</div> <!-- stack-trace -->
                </div> <!-- method-content -->
              </div> <!-- method -->
              <div class="method">
                <div class="method-content">
                  <a name="AccountpagetitleTest">
                  </a> <!-- AccountpagetitleTest -->
                  <span class="method-name">AccountpagetitleTest</span>
                  <div class="stack-trace">org.openqa.selenium.TimeoutException: Expected condition failed: waiting for title to be &quot;My Account&quot;. Current title: &quot;Search - macbook&quot; (tried for 10 second(s) with 500 milliseconds interval)
Build info: version: &apos;3.141.59&apos;, revision: &apos;e82be7d358&apos;, time: &apos;2018-11-14T08:17:03&apos;
System info: host: &apos;BLRKEC334218L&apos;, ip: &apos;192.168.0.103&apos;, os.name: &apos;Windows 10&apos;, os.arch: &apos;amd64&apos;, os.version: &apos;10.0&apos;, java.version: &apos;13.0.2&apos;
Driver info: org.openqa.selenium.remote.RemoteWebDriver
Capabilities {acceptInsecureCerts: false, browserName: chrome, browserVersion: 89.0.4389.82, chrome: {chromedriverVersion: 89.0.4389.23 (61b08ee2c5002..., userDataDir: /tmp/.com.google.Chrome.VS5NOA}, goog:chromeOptions: {debuggerAddress: localhost:35427}, javascriptEnabled: true, networkConnectionEnabled: false, pageLoadStrategy: normal, platform: LINUX, platformName: LINUX, proxy: Proxy(), setWindowRect: true, strictFileInteractability: false, timeouts: {implicit: 0, pageLoad: 300000, script: 30000}, unhandledPromptBehavior: dismiss and notify, webauthn:extension:largeBlob: true, webauthn:virtualAuthenticators: true, webdriver.remote.sessionid: f13f686daa84ea2857d85deda75...}
Session ID: f13f686daa84ea2857d85deda7545aea
	at org.openqa.selenium.support.ui.WebDriverWait.timeoutException(WebDriverWait.java:95)
	at org.openqa.selenium.support.ui.FluentWait.until(FluentWait.java:272)
	at com.qa.opencart.util.ElementUtil.waitforTitleIs(ElementUtil.java:216)
	at com.qa.opencart.pages.AccountPage.getPageTitle(AccountPage.java:36)
	at com.qa.opencart.Test.AccountPageTest.AccountpagetitleTest(AccountPageTest.java:27)
	at java.base/java.util.concurrent.FutureTask.run(FutureTask.java:264)
	at java.base/java.util.concurrent.ThreadPoolExecutor.runWorker(ThreadPoolExecutor.java:1128)
	at java.base/java.util.concurrent.ThreadPoolExecutor$Worker.run(ThreadPoolExecutor.java:628)
	at java.base/java.lang.Thread.run(Thread.java:847)
... Removed 16 stack frames
</div> <!-- stack-trace -->
                </div> <!-- method-content -->
              </div> <!-- method -->
              <div class="method">
                <div class="method-content">
                  <a name="verifygetAccountpageHeaderText">
                  </a> <!-- verifygetAccountpageHeaderText -->
                  <span class="method-name">verifygetAccountpageHeaderText</span>
                  <div class="stack-trace">java.lang.AssertionError: lists don&apos;t have the same size expected [4] but found [0]
	at com.qa.opencart.Test.AccountPageTest.verifygetAccountpageHeaderText(AccountPageTest.java:44)
	at java.base/java.util.concurrent.FutureTask.run(FutureTask.java:264)
	at java.base/java.util.concurrent.ThreadPoolExecutor.runWorker(ThreadPoolExecutor.java:1128)
	at java.base/java.util.concurrent.ThreadPoolExecutor$Worker.run(ThreadPoolExecutor.java:628)
	at java.base/java.lang.Thread.run(Thread.java:847)
... Removed 23 stack frames
</div> <!-- stack-trace -->
                </div> <!-- method-content -->
              </div> <!-- method -->
            </div> <!-- main-panel-content rounded-window-bottom -->
          </div> <!-- suite-OpenDemoCart_Suite-class-failed -->
          <div class="suite-OpenDemoCart_Suite-class-skipped">
            <div class="main-panel-header rounded-window-top">
              <img src="skipped.png"/>
              <span class="class-name">com.qa.opencart.Test.ShoppingCartTest</span>
            </div> <!-- main-panel-header rounded-window-top -->
            <div class="main-panel-content rounded-window-bottom">
              <div class="method">
                <div class="method-content">
                  <a name="verifyCartTableTest">
                  </a> <!-- verifyCartTableTest -->
                  <span class="method-name">verifyCartTableTest</span>
                  <div class="stack-trace">org.openqa.selenium.ElementNotInteractableException: element not interactable
  (Session info: chrome=89.0.4389.82)
Build info: version: &apos;3.141.59&apos;, revision: &apos;e82be7d358&apos;, time: &apos;2018-11-14T08:17:03&apos;
System info: host: &apos;BLRKEC334218L&apos;, ip: &apos;192.168.0.103&apos;, os.name: &apos;Windows 10&apos;, os.arch: &apos;amd64&apos;, os.version: &apos;10.0&apos;, java.version: &apos;13.0.2&apos;
Driver info: org.openqa.selenium.remote.RemoteWebDriver
Capabilities {acceptInsecureCerts: false, browserName: chrome, browserVersion: 89.0.4389.82, chrome: {chromedriverVersion: 89.0.4389.23 (61b08ee2c5002..., userDataDir: /tmp/.com.google.Chrome.U4o39n}, goog:chromeOptions: {debuggerAddress: localhost:33855}, javascriptEnabled: true, networkConnectionEnabled: false, pageLoadStrategy: normal, platform: LINUX, platformName: LINUX, proxy: Proxy(), setWindowRect: true, strictFileInteractability: false, timeouts: {implicit: 0, pageLoad: 300000, script: 30000}, unhandledPromptBehavior: dismiss and notify, webauthn:extension:largeBlob: true, webauthn:virtualAuthenticators: true, webdriver.remote.sessionid: f0bd9396d8dab0b43341e37e4b7...}
Session ID: f0bd9396d8dab0b43341e37e4b73884b
	at org.openqa.selenium.remote.http.W3CHttpResponseCodec.createException(W3CHttpResponseCodec.java:187)
	at org.openqa.selenium.remote.http.W3CHttpResponseCodec.decode(W3CHttpResponseCodec.java:122)
	at org.openqa.selenium.remote.http.W3CHttpResponseCodec.decode(W3CHttpResponseCodec.java:49)
	at org.openqa.selenium.remote.HttpCommandExecutor.execute(HttpCommandExecutor.java:158)
	at org.openqa.selenium.remote.RemoteWebDriver.execute(RemoteWebDriver.java:552)
	at org.openqa.selenium.remote.RemoteWebElement.execute(RemoteWebElement.java:285)
	at org.openqa.selenium.remote.RemoteWebElement.click(RemoteWebElement.java:84)
	at com.qa.opencart.util.ElementUtil.doClick(ElementUtil.java:80)
	at com.qa.opencart.pages.CommonPages.gotoMyAccount(CommonPages.java:83)
	at com.qa.opencart.Test.ShoppingCartTest.BacktoHome(ShoppingCartTest.java:67)
	at java.base/java.util.concurrent.FutureTask.run(FutureTask.java:264)
	at java.base/java.util.concurrent.ThreadPoolExecutor.runWorker(ThreadPoolExecutor.java:1128)
	at java.base/java.util.concurrent.ThreadPoolExecutor$Worker.run(ThreadPoolExecutor.java:628)
	at java.base/java.lang.Thread.run(Thread.java:847)
... Removed 24 stack frames
</div> <!-- stack-trace -->
                </div> <!-- method-content -->
              </div> <!-- method -->
              <div class="method">
                <div class="method-content">
                  <a name="verifyWishList">
                  </a> <!-- verifyWishList -->
                  <span class="method-name">verifyWishList</span>
                  <div class="stack-trace">org.openqa.selenium.ElementNotInteractableException: element not interactable
  (Session info: chrome=89.0.4389.82)
Build info: version: &apos;3.141.59&apos;, revision: &apos;e82be7d358&apos;, time: &apos;2018-11-14T08:17:03&apos;
System info: host: &apos;BLRKEC334218L&apos;, ip: &apos;192.168.0.103&apos;, os.name: &apos;Windows 10&apos;, os.arch: &apos;amd64&apos;, os.version: &apos;10.0&apos;, java.version: &apos;13.0.2&apos;
Driver info: org.openqa.selenium.remote.RemoteWebDriver
Capabilities {acceptInsecureCerts: false, browserName: chrome, browserVersion: 89.0.4389.82, chrome: {chromedriverVersion: 89.0.4389.23 (61b08ee2c5002..., userDataDir: /tmp/.com.google.Chrome.U4o39n}, goog:chromeOptions: {debuggerAddress: localhost:33855}, javascriptEnabled: true, networkConnectionEnabled: false, pageLoadStrategy: normal, platform: LINUX, platformName: LINUX, proxy: Proxy(), setWindowRect: true, strictFileInteractability: false, timeouts: {implicit: 0, pageLoad: 300000, script: 30000}, unhandledPromptBehavior: dismiss and notify, webauthn:extension:largeBlob: true, webauthn:virtualAuthenticators: true, webdriver.remote.sessionid: f0bd9396d8dab0b43341e37e4b7...}
Session ID: f0bd9396d8dab0b43341e37e4b73884b
	at org.openqa.selenium.remote.http.W3CHttpResponseCodec.createException(W3CHttpResponseCodec.java:187)
	at org.openqa.selenium.remote.http.W3CHttpResponseCodec.decode(W3CHttpResponseCodec.java:122)
	at org.openqa.selenium.remote.http.W3CHttpResponseCodec.decode(W3CHttpResponseCodec.java:49)
	at org.openqa.selenium.remote.HttpCommandExecutor.execute(HttpCommandExecutor.java:158)
	at org.openqa.selenium.remote.RemoteWebDriver.execute(RemoteWebDriver.java:552)
	at org.openqa.selenium.remote.RemoteWebElement.execute(RemoteWebElement.java:285)
	at org.openqa.selenium.remote.RemoteWebElement.click(RemoteWebElement.java:84)
	at com.qa.opencart.util.ElementUtil.doClick(ElementUtil.java:80)
	at com.qa.opencart.pages.CommonPages.gotoMyAccount(CommonPages.java:83)
	at com.qa.opencart.Test.ShoppingCartTest.BacktoHome(ShoppingCartTest.java:67)
	at java.base/java.util.concurrent.FutureTask.run(FutureTask.java:264)
	at java.base/java.util.concurrent.ThreadPoolExecutor.runWorker(ThreadPoolExecutor.java:1128)
	at java.base/java.util.concurrent.ThreadPoolExecutor$Worker.run(ThreadPoolExecutor.java:628)
	at java.base/java.lang.Thread.run(Thread.java:847)
... Removed 24 stack frames
</div> <!-- stack-trace -->
                </div> <!-- method-content -->
              </div> <!-- method -->
            </div> <!-- main-panel-content rounded-window-bottom -->
          </div> <!-- suite-OpenDemoCart_Suite-class-skipped -->
          <div class="suite-OpenDemoCart_Suite-class-passed">
            <div class="main-panel-header rounded-window-top">
              <img src="passed.png"/>
              <span class="class-name">com.qa.opencart.Test.LoginPageTest</span>
            </div> <!-- main-panel-header rounded-window-top -->
            <div class="main-panel-content rounded-window-bottom">
              <div class="method">
                <div class="method-content">
                  <a name="LoginTest">
                  </a> <!-- LoginTest -->
                  <span class="method-name">LoginTest</span>
                </div> <!-- method-content -->
              </div> <!-- method -->
              <div class="method">
                <div class="method-content">
                  <a name="forgotPwdLinkTest">
                  </a> <!-- forgotPwdLinkTest -->
                  <span class="method-name">forgotPwdLinkTest</span>
                </div> <!-- method-content -->
              </div> <!-- method -->
              <div class="method">
                <div class="method-content">
                  <a name="titleTest">
                  </a> <!-- titleTest -->
                  <span class="method-name">titleTest</span>
                </div> <!-- method-content -->
              </div> <!-- method -->
            </div> <!-- main-panel-content rounded-window-bottom -->
          </div> <!-- suite-OpenDemoCart_Suite-class-passed -->
          <div class="suite-OpenDemoCart_Suite-class-passed">
            <div class="main-panel-header rounded-window-top">
              <img src="passed.png"/>
              <span class="class-name">com.qa.opencart.Test.AccountPageTest</span>
            </div> <!-- main-panel-header rounded-window-top -->
            <div class="main-panel-content rounded-window-bottom">
              <div class="method">
                <div class="method-content">
                  <a name="accPageLogoTest">
                  </a> <!-- accPageLogoTest -->
                  <span class="method-name">accPageLogoTest</span>
                </div> <!-- method-content -->
              </div> <!-- method -->
              <div class="method">
                <div class="method-content">
                  <a name="doSerachTest">
                  </a> <!-- doSerachTest -->
                  <span class="method-name">doSerachTest</span>
                </div> <!-- method-content -->
              </div> <!-- method -->
              <div class="method">
                <div class="method-content">
                  <a name="selectProductTest">
                  </a> <!-- selectProductTest -->
                  <span class="method-name">selectProductTest</span>
                </div> <!-- method-content -->
              </div> <!-- method -->
            </div> <!-- main-panel-content rounded-window-bottom -->
          </div> <!-- suite-OpenDemoCart_Suite-class-passed -->
        </div> <!-- panel OpenDemoCart_Suite -->
        <div panel-name="test-xml-OpenDemoCart_Suite" class="panel">
          <div class="main-panel-header rounded-window-top">
            <span class="header-content">C:\Users\samarth.jain\eclipse-workspace\Dec2020POMSeies\src\test\resources\TestRunner\testng.xml</span>
          </div> <!-- main-panel-header rounded-window-top -->
          <div class="main-panel-content rounded-window-bottom">
            <pre>
&lt;?xml version=&quot;1.0&quot; encoding=&quot;UTF-8&quot;?&gt;
&lt;!DOCTYPE suite SYSTEM &quot;http://testng.org/testng-1.0.dtd&quot;&gt;
&lt;suite thread-count=&quot;2&quot; parallel=&quot;tests&quot; name=&quot;OpenDemoCart Suite&quot; guice-stage=&quot;DEVELOPMENT&quot;&gt;
  &lt;test thread-count=&quot;2&quot; parallel=&quot;tests&quot; name=&quot;LoginPageTest&quot;&gt;
    &lt;parameter name=&quot;browser&quot; value=&quot;chrome&quot;/&gt;
    &lt;parameter name=&quot;version&quot; value=&quot;89.0&quot;/&gt;
    &lt;classes&gt;
      &lt;class name=&quot;com.qa.opencart.Test.LoginPageTest&quot;/&gt;
    &lt;/classes&gt;
  &lt;/test&gt; &lt;!-- LoginPageTest --&gt;
  &lt;test thread-count=&quot;2&quot; parallel=&quot;tests&quot; name=&quot;AccountPageTest&quot;&gt;
    &lt;parameter name=&quot;browser&quot; value=&quot;chrome&quot;/&gt;
    &lt;parameter name=&quot;version&quot; value=&quot;89.0&quot;/&gt;
    &lt;classes&gt;
      &lt;class name=&quot;com.qa.opencart.Test.AccountPageTest&quot;/&gt;
    &lt;/classes&gt;
  &lt;/test&gt; &lt;!-- AccountPageTest --&gt;
  &lt;test thread-count=&quot;2&quot; parallel=&quot;tests&quot; name=&quot;ProductInfoTest&quot;&gt;
    &lt;parameter name=&quot;browser&quot; value=&quot;firefox&quot;/&gt;
    &lt;parameter name=&quot;version&quot; value=&quot;86.0&quot;/&gt;
    &lt;classes&gt;
      &lt;class name=&quot;com.qa.opencart.Test.ProductInfoTest&quot;/&gt;
    &lt;/classes&gt;
  &lt;/test&gt; &lt;!-- ProductInfoTest --&gt;
  &lt;test thread-count=&quot;2&quot; parallel=&quot;tests&quot; name=&quot;ShoppingCartTest&quot;&gt;
    &lt;classes&gt;
      &lt;class name=&quot;com.qa.opencart.Test.ShoppingCartTest&quot;/&gt;
    &lt;/classes&gt;
  &lt;/test&gt; &lt;!-- ShoppingCartTest --&gt;
&lt;/suite&gt; &lt;!-- OpenDemoCart Suite --&gt;
            </pre>
          </div> <!-- main-panel-content rounded-window-bottom -->
        </div> <!-- panel -->
        <div panel-name="testlist-OpenDemoCart_Suite" class="panel">
          <div class="main-panel-header rounded-window-top">
            <span class="header-content">Tests for OpenDemoCart Suite</span>
          </div> <!-- main-panel-header rounded-window-top -->
          <div class="main-panel-content rounded-window-bottom">
            <ul>
              <li>
                <span class="test-name">LoginPageTest (1 class)</span>
              </li>
              <li>
                <span class="test-name">AccountPageTest (1 class)</span>
              </li>
              <li>
                <span class="test-name">ProductInfoTest (1 class)</span>
              </li>
              <li>
                <span class="test-name">ShoppingCartTest (1 class)</span>
              </li>
            </ul>
          </div> <!-- main-panel-content rounded-window-bottom -->
        </div> <!-- panel -->
        <div panel-name="group-OpenDemoCart_Suite" class="panel">
          <div class="main-panel-header rounded-window-top">
            <span class="header-content">Groups for OpenDemoCart Suite</span>
          </div> <!-- main-panel-header rounded-window-top -->
          <div class="main-panel-content rounded-window-bottom">
          </div> <!-- main-panel-content rounded-window-bottom -->
        </div> <!-- panel -->
        <div panel-name="times-OpenDemoCart_Suite" class="panel">
          <div class="main-panel-header rounded-window-top">
            <span class="header-content">Times for OpenDemoCart Suite</span>
          </div> <!-- main-panel-header rounded-window-top -->
          <div class="main-panel-content rounded-window-bottom">
            <div class="times-div">
              <script type="text/javascript">
suiteTableInitFunctions.push('tableData_OpenDemoCart_Suite');
function tableData_OpenDemoCart_Suite() {
var data = new google.visualization.DataTable();
data.addColumn('number', 'Number');
data.addColumn('string', 'Method');
data.addColumn('string', 'Class');
data.addColumn('number', 'Time (ms)');
data.addRows(13);
data.setCell(0, 0, 0)
data.setCell(0, 1, 'AccountPageHeaderCountTest')
data.setCell(0, 2, 'com.qa.opencart.Test.AccountPageTest')
data.setCell(0, 3, 30509);
data.setCell(1, 0, 1)
data.setCell(1, 1, 'AccountpagetitleTest')
data.setCell(1, 2, 'com.qa.opencart.Test.AccountPageTest')
data.setCell(1, 3, 10324);
data.setCell(2, 0, 2)
data.setCell(2, 1, 'verifyProduct')
data.setCell(2, 2, 'com.qa.opencart.Test.ShoppingCartTest')
data.setCell(2, 3, 5901);
data.setCell(3, 0, 3)
data.setCell(3, 1, 'LoginTest')
data.setCell(3, 2, 'com.qa.opencart.Test.LoginPageTest')
data.setCell(3, 3, 3078);
data.setCell(4, 0, 4)
data.setCell(4, 1, 'productInfoDataTest')
data.setCell(4, 2, 'com.qa.opencart.Test.ProductInfoTest')
data.setCell(4, 3, 2013);
data.setCell(5, 0, 5)
data.setCell(5, 1, 'selectProductTest')
data.setCell(5, 2, 'com.qa.opencart.Test.AccountPageTest')
data.setCell(5, 3, 1901);
data.setCell(6, 0, 6)
data.setCell(6, 1, 'doSerachTest')
data.setCell(6, 2, 'com.qa.opencart.Test.AccountPageTest')
data.setCell(6, 3, 1665);
data.setCell(7, 0, 7)
data.setCell(7, 1, 'titleTest')
data.setCell(7, 2, 'com.qa.opencart.Test.LoginPageTest')
data.setCell(7, 3, 179);
data.setCell(8, 0, 8)
data.setCell(8, 1, 'accPageLogoTest')
data.setCell(8, 2, 'com.qa.opencart.Test.AccountPageTest')
data.setCell(8, 3, 146);
data.setCell(9, 0, 9)
data.setCell(9, 1, 'forgotPwdLinkTest')
data.setCell(9, 2, 'com.qa.opencart.Test.LoginPageTest')
data.setCell(9, 3, 113);
data.setCell(10, 0, 10)
data.setCell(10, 1, 'verifygetAccountpageHeaderText')
data.setCell(10, 2, 'com.qa.opencart.Test.AccountPageTest')
data.setCell(10, 3, 58);
data.setCell(11, 0, 11)
data.setCell(11, 1, 'verifyCartTableTest')
data.setCell(11, 2, 'com.qa.opencart.Test.ShoppingCartTest')
data.setCell(11, 3, 0);
data.setCell(12, 0, 12)
data.setCell(12, 1, 'verifyWishList')
data.setCell(12, 2, 'com.qa.opencart.Test.ShoppingCartTest')
data.setCell(12, 3, 0);
window.suiteTableData['OpenDemoCart_Suite']= { tableData: data, tableDiv: 'times-div-OpenDemoCart_Suite'}
return data;
}
              </script>
              <span class="suite-total-time">Total running time: 55 seconds</span>
              <div id="times-div-OpenDemoCart_Suite">
              </div> <!-- times-div-OpenDemoCart_Suite -->
            </div> <!-- times-div -->
          </div> <!-- main-panel-content rounded-window-bottom -->
        </div> <!-- panel -->
        <div panel-name="reporter-OpenDemoCart_Suite" class="panel">
          <div class="main-panel-header rounded-window-top">
            <span class="header-content">Reporter output for OpenDemoCart Suite</span>
          </div> <!-- main-panel-header rounded-window-top -->
          <div class="main-panel-content rounded-window-bottom">
          </div> <!-- main-panel-content rounded-window-bottom -->
        </div> <!-- panel -->
        <div panel-name="ignored-methods-OpenDemoCart_Suite" class="panel">
          <div class="main-panel-header rounded-window-top">
            <span class="header-content">0 ignored methods</span>
          </div> <!-- main-panel-header rounded-window-top -->
          <div class="main-panel-content rounded-window-bottom">
          </div> <!-- main-panel-content rounded-window-bottom -->
        </div> <!-- panel -->
        <div panel-name="chronological-OpenDemoCart_Suite" class="panel">
          <div class="main-panel-header rounded-window-top">
            <span class="header-content">Methods in chronological order</span>
          </div> <!-- main-panel-header rounded-window-top -->
          <div class="main-panel-content rounded-window-bottom">
            <div class="chronological-class">
              <div class="chronological-class-name">com.qa.opencart.Test.ShoppingCartTest</div> <!-- chronological-class-name -->
              <div class="test-method">
                <span class="method-name">verifyCartTableTest</span>
                <span class="method-start">0 ms</span>
              </div> <!-- test-method -->
              <div class="test-method">
                <span class="method-name">verifyWishList</span>
                <span class="method-start">0 ms</span>
              </div> <!-- test-method -->
            </div> <!-- chronological-class -->
            <div class="chronological-class">
              <div class="chronological-class-name">com.qa.opencart.Test.AccountPageTest</div> <!-- chronological-class-name -->
              <div class="configuration-test before">
                <span class="method-name">setup(chrome, 89.0)</span>
                <span class="method-start">0 ms</span>
              </div> <!-- configuration-test before -->
            </div> <!-- chronological-class -->
            <div class="chronological-class">
              <div class="chronological-class-name">com.qa.opencart.Test.LoginPageTest</div> <!-- chronological-class-name -->
              <div class="configuration-test before">
                <span class="method-name">setup(chrome, 89.0)</span>
                <span class="method-start">0 ms</span>
              </div> <!-- configuration-test before -->
            </div> <!-- chronological-class -->
            <div class="chronological-class">
              <div class="chronological-class-name">com.qa.opencart.Test.AccountPageTest</div> <!-- chronological-class-name -->
              <div class="configuration-class before">
                <span class="method-name">Accsetup</span>
                <span class="method-start">4359 ms</span>
              </div> <!-- configuration-class before -->
            </div> <!-- chronological-class -->
            <div class="chronological-class">
              <div class="chronological-class-name">com.qa.opencart.Test.LoginPageTest</div> <!-- chronological-class-name -->
              <div class="test-method">
                <span class="method-name">titleTest</span>
                <span class="method-start">4384 ms</span>
              </div> <!-- test-method -->
              <div class="test-method">
                <span class="method-name">forgotPwdLinkTest</span>
                <span class="method-start">4737 ms</span>
              </div> <!-- test-method -->
              <div class="test-method">
                <span class="method-name">LoginTest</span>
                <span class="method-start">4859 ms</span>
              </div> <!-- test-method -->
            </div> <!-- chronological-class -->
            <div class="chronological-class">
              <div class="chronological-class-name">com.qa.opencart.Test.AccountPageTest</div> <!-- chronological-class-name -->
              <div class="test-method">
                <span class="method-name">selectProductTest</span>
                <span class="method-start">7456 ms</span>
              </div> <!-- test-method -->
            </div> <!-- chronological-class -->
            <div class="chronological-class">
              <div class="chronological-class-name">com.qa.opencart.Test.LoginPageTest</div> <!-- chronological-class-name -->
              <div class="configuration-test after">
                <span class="method-name">tearDown</span>
                <span class="method-start">7942 ms</span>
              </div> <!-- configuration-test after -->
            </div> <!-- chronological-class -->
            <div class="chronological-class">
              <div class="chronological-class-name">com.qa.opencart.Test.ProductInfoTest</div> <!-- chronological-class-name -->
              <div class="configuration-test before">
                <span class="method-name">setup(firefox, 86.0)</span>
                <span class="method-start">8058 ms</span>
              </div> <!-- configuration-test before -->
            </div> <!-- chronological-class -->
            <div class="chronological-class">
              <div class="chronological-class-name">com.qa.opencart.Test.AccountPageTest</div> <!-- chronological-class-name -->
              <div class="test-method">
                <img src="failed.png">
                </img>
                <span class="method-name">AccountpagetitleTest</span>
                <span class="method-start">9362 ms</span>
              </div> <!-- test-method -->
            </div> <!-- chronological-class -->
            <div class="chronological-class">
              <div class="chronological-class-name">com.qa.opencart.Test.ProductInfoTest</div> <!-- chronological-class-name -->
              <div class="configuration-class before">
                <span class="method-name">AccSetup</span>
                <span class="method-start">9992 ms</span>
              </div> <!-- configuration-class before -->
              <div class="test-method">
                <img src="failed.png">
                </img>
                <span class="method-name">productInfoDataTest</span>
                <span class="method-start">12635 ms</span>
              </div> <!-- test-method -->
              <div class="configuration-test after">
                <span class="method-name">tearDown</span>
                <span class="method-start">14659 ms</span>
              </div> <!-- configuration-test after -->
            </div> <!-- chronological-class -->
            <div class="chronological-class">
              <div class="chronological-class-name">com.qa.opencart.Test.ShoppingCartTest</div> <!-- chronological-class-name -->
              <div class="configuration-test before">
                <span class="method-name">setup(chrome, 90.0)</span>
                <span class="method-start">14754 ms</span>
              </div> <!-- configuration-test before -->
              <div class="configuration-method before">
                <span class="method-name">ShoppingCartsetup</span>
                <span class="method-start">16568 ms</span>
              </div> <!-- configuration-method before -->
              <div class="test-method">
                <img src="failed.png">
                </img>
                <span class="method-name">verifyProduct</span>
                <span class="method-start">19426 ms</span>
              </div> <!-- test-method -->
            </div> <!-- chronological-class -->
            <div class="chronological-class">
              <div class="chronological-class-name">com.qa.opencart.Test.AccountPageTest</div> <!-- chronological-class-name -->
              <div class="test-method">
                <img src="failed.png">
                </img>
                <span class="method-name">AccountPageHeaderCountTest</span>
                <span class="method-start">19694 ms</span>
              </div> <!-- test-method -->
            </div> <!-- chronological-class -->
            <div class="chronological-class">
              <div class="chronological-class-name">com.qa.opencart.Test.ShoppingCartTest</div> <!-- chronological-class-name -->
              <div class="configuration-method after">
                <img src="failed.png">
                </img>
                <span class="method-name">BacktoHome</span>
                <span class="method-start">25338 ms</span>
              </div> <!-- configuration-method after -->
            </div> <!-- chronological-class -->
            <div class="chronological-class">
              <div class="chronological-class-name">com.qa.opencart.Test.AccountPageTest</div> <!-- chronological-class-name -->
              <div class="test-method">
                <img src="failed.png">
                </img>
                <span class="method-name">verifygetAccountpageHeaderText</span>
                <span class="method-start">50212 ms</span>
              </div> <!-- test-method -->
              <div class="test-method">
                <span class="method-name">accPageLogoTest</span>
                <span class="method-start">50281 ms</span>
              </div> <!-- test-method -->
              <div class="test-method">
                <span class="method-name">doSerachTest</span>
                <span class="method-start">50433 ms</span>
              </div> <!-- test-method -->
              <div class="configuration-test after">
                <span class="method-name">tearDown</span>
                <span class="method-start">52102 ms</span>
              </div> <!-- configuration-test after -->
          </div> <!-- main-panel-content rounded-window-bottom -->
        </div> <!-- panel -->
      </div> <!-- main-panel-root -->
    </div> <!-- wrapper -->
  </body>
</html>
